0 info it worked if it ends with ok
1 verbose cli [ '/Users/sammarshall/.nvm/versions/io.js/v1.0.3/bin/iojs',
1 verbose cli   '/Users/sammarshall/.nvm/versions/io.js/v1.0.3/bin/npm',
1 verbose cli   'i',
1 verbose cli   '--save',
1 verbose cli   'sqlite3' ]
2 info using npm@2.2.0
3 info using node@v1.0.3
4 silly cache add args [ 'sqlite3@^3.0.4', null ]
5 verbose cache add spec sqlite3@^3.0.4
6 silly cache add parsed spec { raw: 'sqlite3@^3.0.4',
6 silly cache add   scope: null,
6 silly cache add   name: 'sqlite3',
6 silly cache add   rawSpec: '^3.0.4',
6 silly cache add   spec: '>=3.0.4 <4.0.0',
6 silly cache add   type: 'range' }
7 verbose addNamed sqlite3@>=3.0.4 <4.0.0
8 silly addNamed semver.valid null
9 silly addNamed semver.validRange >=3.0.4 <4.0.0
10 silly addNameRange { name: 'sqlite3', range: '>=3.0.4 <4.0.0', hasData: false }
11 silly mapToRegistry name sqlite3
12 silly mapToRegistry using default registry
13 silly mapToRegistry registry https://registry.npmjs.org/
14 silly mapToRegistry uri https://registry.npmjs.org/sqlite3
15 verbose addNameRange registry:https://registry.npmjs.org/sqlite3 not in flight; fetching
16 verbose request uri https://registry.npmjs.org/sqlite3
17 verbose request no auth needed
18 info attempt registry request try #1 at 09:43:53
19 verbose request id 4d1929f10b286abd
20 verbose etag "28ROI4SCIZ1R738FOFPWIHS7Y"
21 http request GET https://registry.npmjs.org/sqlite3
22 http 304 https://registry.npmjs.org/sqlite3
23 silly get cb [ 304,
23 silly get   { date: 'Fri, 23 Jan 2015 09:43:53 GMT',
23 silly get     server: 'Apache',
23 silly get     via: '1.1 varnish',
23 silly get     'last-modified': 'Fri, 23 Jan 2015 09:43:53 GMT',
23 silly get     'cache-control': 'max-age=60',
23 silly get     etag: '"28ROI4SCIZ1R738FOFPWIHS7Y"',
23 silly get     age: '6',
23 silly get     'x-served-by': 'cache-ams4142-AMS',
23 silly get     'x-cache': 'HIT',
23 silly get     'x-cache-hits': '1',
23 silly get     'x-timer': 'S1422006233.694532,VS0,VE0',
23 silly get     vary: 'Accept',
23 silly get     'content-length': '0',
23 silly get     connection: 'close' } ]
24 verbose etag https://registry.npmjs.org/sqlite3 from cache
25 silly addNameRange number 2 { name: 'sqlite3', range: '>=3.0.4 <4.0.0', hasData: true }
26 silly addNameRange versions [ 'sqlite3',
26 silly addNameRange   [ '2.0.0',
26 silly addNameRange     '2.0.1',
26 silly addNameRange     '2.0.2',
26 silly addNameRange     '2.0.3',
26 silly addNameRange     '2.0.4',
26 silly addNameRange     '2.0.5',
26 silly addNameRange     '2.0.6',
26 silly addNameRange     '2.0.7',
26 silly addNameRange     '2.0.8',
26 silly addNameRange     '2.0.9',
26 silly addNameRange     '2.0.10',
26 silly addNameRange     '2.0.11',
26 silly addNameRange     '2.0.12',
26 silly addNameRange     '2.0.13',
26 silly addNameRange     '2.0.14',
26 silly addNameRange     '2.0.15',
26 silly addNameRange     '2.0.16',
26 silly addNameRange     '2.0.17',
26 silly addNameRange     '2.0.18',
26 silly addNameRange     '2.1.0',
26 silly addNameRange     '2.1.1',
26 silly addNameRange     '2.1.2',
26 silly addNameRange     '2.1.3',
26 silly addNameRange     '2.1.4',
26 silly addNameRange     '2.1.5',
26 silly addNameRange     '2.1.7',
26 silly addNameRange     '2.1.8',
26 silly addNameRange     '2.1.9',
26 silly addNameRange     '2.1.10',
26 silly addNameRange     '2.1.11',
26 silly addNameRange     '2.1.12',
26 silly addNameRange     '2.1.13',
26 silly addNameRange     '2.1.14',
26 silly addNameRange     '2.1.15',
26 silly addNameRange     '2.1.16',
26 silly addNameRange     '2.1.17',
26 silly addNameRange     '2.1.18',
26 silly addNameRange     '2.1.19',
26 silly addNameRange     '2.2.0',
26 silly addNameRange     '2.2.1',
26 silly addNameRange     '2.2.2',
26 silly addNameRange     '2.2.3',
26 silly addNameRange     '2.2.4' ] ]
27 verbose stack Error: No compatible version found: sqlite3@'>=3.0.4 <4.0.0'
27 verbose stack Valid install targets:
27 verbose stack ["2.0.0","2.0.1","2.0.2","2.0.3","2.0.4","2.0.5","2.0.6","2.0.7","2.0.8","2.0.9","2.0.10","2.0.11","2.0.12","2.0.13","2.0.14","2.0.15","2.0.16","2.0.17","2.0.18","2.1.0","2.1.1","2.1.2","2.1.3","2.1.4","2.1.5","2.1.7","2.1.8","2.1.9","2.1.10","2.1.11","2.1.12","2.1.13","2.1.14","2.1.15","2.1.16","2.1.17","2.1.18","2.1.19","2.2.0","2.2.1","2.2.2","2.2.3","2.2.4"]
27 verbose stack
27 verbose stack     at installTargetsError (/Users/sammarshall/.nvm/versions/io.js/v1.0.3/lib/node_modules/npm/lib/cache/add-named.js:259:12)
27 verbose stack     at next (/Users/sammarshall/.nvm/versions/io.js/v1.0.3/lib/node_modules/npm/lib/cache/add-named.js:238:17)
27 verbose stack     at setData (/Users/sammarshall/.nvm/versions/io.js/v1.0.3/lib/node_modules/npm/lib/cache/add-named.js:215:5)
27 verbose stack     at RES (/Users/sammarshall/.nvm/versions/io.js/v1.0.3/lib/node_modules/npm/node_modules/inflight/inflight.js:23:14)
27 verbose stack     at f (/Users/sammarshall/.nvm/versions/io.js/v1.0.3/lib/node_modules/npm/node_modules/once/once.js:17:25)
27 verbose stack     at saved (/Users/sammarshall/.nvm/versions/io.js/v1.0.3/lib/node_modules/npm/lib/cache/caching-client.js:163:7)
27 verbose stack     at FSReqWrap.oncomplete (fs.js:76:15)
28 verbose cwd /Users/sammarshall/Projects/github/sjmarshy/now
29 error Darwin 14.1.0
30 error argv "/Users/sammarshall/.nvm/versions/io.js/v1.0.3/bin/iojs" "/Users/sammarshall/.nvm/versions/io.js/v1.0.3/bin/npm" "i" "--save" "sqlite3"
31 error node v1.0.3
32 error npm  v2.2.0
33 error code ETARGET
34 error notarget No compatible version found: sqlite3@'>=3.0.4 <4.0.0'
34 error notarget Valid install targets:
34 error notarget ["2.0.0","2.0.1","2.0.2","2.0.3","2.0.4","2.0.5","2.0.6","2.0.7","2.0.8","2.0.9","2.0.10","2.0.11","2.0.12","2.0.13","2.0.14","2.0.15","2.0.16","2.0.17","2.0.18","2.1.0","2.1.1","2.1.2","2.1.3","2.1.4","2.1.5","2.1.7","2.1.8","2.1.9","2.1.10","2.1.11","2.1.12","2.1.13","2.1.14","2.1.15","2.1.16","2.1.17","2.1.18","2.1.19","2.2.0","2.2.1","2.2.2","2.2.3","2.2.4"]
34 error notarget
34 error notarget This is most likely not a problem with npm itself.
34 error notarget In most cases you or one of your dependencies are requesting
34 error notarget a package version that doesn't exist.
35 verbose exit [ 1, true ]
